========= Job started  at Tue Sep 30 14:24:52 CEST 2025 ==========
========= Job started  at Tue Sep 30 14:24:52 CEST 2025 ==========
========= Job started  at Tue Sep 30 14:24:53 CEST 2025 ==========
========= Job started  at Tue Sep 30 14:24:52 CEST 2025 ==========
========= Job started  at Tue Sep 30 14:24:52 CEST 2025 ==========
My jobid: 387534
========= Job started  at Tue Sep 30 14:24:52 CEST 2025 ==========
My jobid: 387547
My jobid: 387584
My jobid: 387531
========= Job started  at Tue Sep 30 14:24:53 CEST 2025 ==========
========= Job started  at Tue Sep 30 14:24:53 CEST 2025 ==========
========= Job started  at Tue Sep 30 14:24:53 CEST 2025 ==========
My array id: 39
========= Job started  at Tue Sep 30 14:24:53 CEST 2025 ==========
My array id: 391
My jobid: 387646
My jobid: 387453
My array id: 50
My jobid: 387620
My jobid: 387419
========= Job started  at Tue Sep 30 14:24:52 CEST 2025 ==========
========= Job started  at Tue Sep 30 14:24:52 CEST 2025 ==========
========= Job started  at Tue Sep 30 14:24:53 CEST 2025 ==========
My jobid: 387660
========= Job started  at Tue Sep 30 14:24:52 CEST 2025 ==========
My jobid: 387532
========= Job started  at Tue Sep 30 14:24:52 CEST 2025 ==========
========= Job started  at Tue Sep 30 14:24:53 CEST 2025 ==========
========= Job started  at Tue Sep 30 14:24:53 CEST 2025 ==========
My jobid: 387529
========= Job started  at Tue Sep 30 14:24:53 CEST 2025 ==========
========= Job started  at Tue Sep 30 14:24:53 CEST 2025 ==========
========= Job started  at Tue Sep 30 14:24:53 CEST 2025 ==========
========= Job started  at Tue Sep 30 14:24:53 CEST 2025 ==========
My array id: 393
My array id: 319
My jobid: 387452
My array id: 49
My jobid: 387630
My jobid: 387415
========= Job started  at Tue Sep 30 14:24:52 CEST 2025 ==========
========= Job started  at Tue Sep 30 14:24:52 CEST 2025 ==========
My jobid: 387537
========= Job started  at Tue Sep 30 14:24:52 CEST 2025 ==========
========= Job started  at Tue Sep 30 14:24:52 CEST 2025 ==========
My jobid: 387536
My jobid: 387681
========= Job started  at Tue Sep 30 14:24:53 CEST 2025 ==========
========= Job started  at Tue Sep 30 14:24:53 CEST 2025 ==========
My array id: 206
========= Job started  at Tue Sep 30 14:24:53 CEST 2025 ==========
========= Job started  at Tue Sep 30 14:24:53 CEST 2025 ==========
My jobid: 387556
========= Job started  at Tue Sep 30 14:24:53 CEST 2025 ==========
My array id: 394
My array id: 318
My jobid: 387463
My array id: 48
My array id: 290
My jobid: 387418
========= Job started  at Tue Sep 30 14:24:52 CEST 2025 ==========
My jobid: 387701
My jobid: 387543
========= Job started  at Tue Sep 30 14:24:52 CEST 2025 ==========
========= Job started  at Tue Sep 30 14:24:52 CEST 2025 ==========
My array id: 208
My jobid: 387686
========= Job started  at Tue Sep 30 14:24:53 CEST 2025 ==========
========= Job started  at Tue Sep 30 14:24:53 CEST 2025 ==========
My array id: 204
My jobid: 387568
========= Job started  at Tue Sep 30 14:24:53 CEST 2025 ==========
My jobid: 387554
My jobid: 387558
My array id: 399
My array id: 315
My jobid: 387465
My array id: 45
My array id: 302
My jobid: 387417
========= Job started  at Tue Sep 30 14:24:52 CEST 2025 ==========
========= Job started  at Tue Sep 30 14:24:52 CEST 2025 ==========
My array id: 215
My jobid: 387659
========= Job started  at Tue Sep 30 14:24:52 CEST 2025 ==========
My jobid: 387535
My jobid: 387687
My jobid: 387549
========= Job started  at Tue Sep 30 14:24:53 CEST 2025 ==========
========= Job started  at Tue Sep 30 14:24:53 CEST 2025 ==========
========= Job started  at Tue Sep 30 14:24:53 CEST 2025 ==========
My jobid: 387555
========= Job started  at Tue Sep 30 14:24:53 CEST 2025 ==========
My array id: 395
My array id: 313
My array id: 124
My array id: 51
My array id: 304
My jobid: 387421
========= Job started  at Tue Sep 30 14:24:52 CEST 2025 ==========
My array id: 380
My array id: 214
My jobid: 387656
My jobid: 387485
My array id: 359
========= Job started  at Tue Sep 30 14:24:53 CEST 2025 ==========
========= Job started  at Tue Sep 30 14:24:53 CEST 2025 ==========
My array id: 209
========= Job started  at Tue Sep 30 14:24:53 CEST 2025 ==========
========= Job started  at Tue Sep 30 14:24:53 CEST 2025 ==========
My jobid: 387557
My jobid: 387559
My array id: 396
My array id: 316
My jobid: 387457
My array id: 43
My array id: 298
My jobid: 387423
========= Job started  at Tue Sep 30 14:24:52 CEST 2025 ==========
========= Job started  at Tue Sep 30 14:24:52 CEST 2025 ==========
My jobid: 387542
My jobid: 387650
========= Job started  at Tue Sep 30 14:24:52 CEST 2025 ==========
My jobid: 387691
========= Job started  at Tue Sep 30 14:24:53 CEST 2025 ==========
========= Job started  at Tue Sep 30 14:24:53 CEST 2025 ==========
My array id: 207
========= Job started  at Tue Sep 30 14:24:53 CEST 2025 ==========
========= Job started  at Tue Sep 30 14:24:53 CEST 2025 ==========
My jobid: 387553
My jobid: 387560
My array id: 400
My array id: 314
My jobid: 387460
My array id: 297
My jobid: 387412
========= Job started  at Tue Sep 30 14:24:52 CEST 2025 ==========
My jobid: 387698
My jobid: 387538
========= Job started  at Tue Sep 30 14:24:52 CEST 2025 ==========
My jobid: 387482
My jobid: 387682
My jobid: 387544
My jobid: 387581
My array id: 211
========= Job started  at Tue Sep 30 14:24:53 CEST 2025 ==========
My array id: 275
My array id: 231
My array id: 236
My array id: 392
My array id: 317
My jobid: 387464
My array id: 303
My jobid: 387422
========= Job started  at Tue Sep 30 14:24:52 CEST 2025 ==========
My jobid: 387707
My jobid: 387541
My jobid: 387657
My jobid: 387487
My jobid: 387695
My array id: 222
========= Job started  at Tue Sep 30 14:24:53 CEST 2025 ==========
My array id: 210
========= Job started  at Tue Sep 30 14:24:53 CEST 2025 ==========
My jobid: 387603
My array id: 229
My jobid: 387564
========= Job started  at Tue Sep 30 14:24:53 CEST 2025 ==========
========= Job started  at Tue Sep 30 14:24:52 CEST 2025 ==========
My array id: 306
========= Job started  at Tue Sep 30 14:24:52 CEST 2025 ==========
My jobid: 387385
My array id: 377
My array id: 212
========= Job started  at Tue Sep 30 14:24:52 CEST 2025 ==========
My jobid: 387489
My jobid: 387692
My jobid: 387546
========= Job started  at Tue Sep 30 14:24:53 CEST 2025 ==========
My jobid: 387567
========= Job started  at Tue Sep 30 14:24:53 CEST 2025 ==========
My array id: 230
My jobid: 387563
========= Job started  at Tue Sep 30 14:24:53 CEST 2025 ==========
My jobid: 387459
========= Job started  at Tue Sep 30 14:24:53 CEST 2025 ==========
My jobid: 387424
My jobid: 387386
My array id: 374
My array id: 218
My jobid: 387663
My jobid: 387484
My jobid: 387690
My jobid: 387548
========= Job started  at Tue Sep 30 14:24:53 CEST 2025 ==========
My jobid: 387573
========= Job started  at Tue Sep 30 14:24:53 CEST 2025 ==========
My array id: 232
My jobid: 387562
========= Job started  at Tue Sep 30 14:24:53 CEST 2025 ==========
My jobid: 387462
========= Job started  at Tue Sep 30 14:24:53 CEST 2025 ==========
My jobid: 387429
My jobid: 387382
My jobid: 387706
My array id: 217
My jobid: 387661
My jobid: 387486
My jobid: 387694
My jobid: 387551
========= Job started  at Tue Sep 30 14:24:53 CEST 2025 ==========
========= Job started  at Tue Sep 30 14:24:53 CEST 2025 ==========
My jobid: 387605
My array id: 228
My array id: 233
========= Job started  at Tue Sep 30 14:24:53 CEST 2025 ==========
========= Job started  at Tue Sep 30 14:24:52 CEST 2025 ==========
========= Job started  at Tue Sep 30 14:24:53 CEST 2025 ==========
========= Job started  at Tue Sep 30 14:24:52 CEST 2025 ==========
My jobid: 387391
My jobid: 387712
My array id: 213
My array id: 333
My jobid: 387511
My array id: 364
My array id: 224
My jobid: 387583
My jobid: 387572
My jobid: 387604
My jobid: 387565
My array id: 322
========= Job started  at Tue Sep 30 14:24:52 CEST 2025 ==========
My array id: 299
========= Job started  at Tue Sep 30 14:24:52 CEST 2025 ==========
My jobid: 387389
My jobid: 387708
My array id: 216
My jobid: 387666
My jobid: 387488
My jobid: 387685
My jobid: 387552
My array id: 259
========= Job started  at Tue Sep 30 14:24:53 CEST 2025 ==========
My jobid: 387602
My array id: 234
========= Job started  at Tue Sep 30 14:24:53 CEST 2025 ==========
My jobid: 387455
========= Job started  at Tue Sep 30 14:24:53 CEST 2025 ==========
My jobid: 387425
My jobid: 387388
My jobid: 387704
My jobid: 387667
My array id: 156
My jobid: 387693
My jobid: 387550
My jobid: 387588
My jobid: 387571
My jobid: 387606
My array id: 235
========= Job started  at Tue Sep 30 14:24:53 CEST 2025 ==========
========= Job started  at Tue Sep 30 14:24:53 CEST 2025 ==========
========= Job started  at Tue Sep 30 14:24:53 CEST 2025 ==========
My jobid: 387430
My jobid: 387383
My array id: 371
My jobid: 387665
========= Job started  at Tue Sep 30 14:24:52 CEST 2025 ==========
My jobid: 387688
My array id: 219
My jobid: 387586
My jobid: 387566
My jobid: 387601
My array id: 239
My array id: 323
========= Job started  at Tue Sep 30 14:24:53 CEST 2025 ==========
My array id: 301
========= Job started  at Tue Sep 30 14:24:52 CEST 2025 ==========
My jobid: 387380
My jobid: 387703
My array id: 337
========= Job started  at Tue Sep 30 14:24:52 CEST 2025 ==========
My array id: 356
My array id: 221
My jobid: 387582
My jobid: 387569
My jobid: 387599
My array id: 238
My array id: 321
========= Job started  at Tue Sep 30 14:24:53 CEST 2025 ==========
My array id: 300
My jobid: 387432
My jobid: 387381
My jobid: 387715
My jobid: 387668
My array id: 158
My array id: 361
My array id: 223
My jobid: 387585
My array id: 243
My jobid: 387608
My array id: 237
My jobid: 387635
My jobid: 387461
My array id: 295
My jobid: 387426
My jobid: 387378
My jobid: 387700
My jobid: 387664
My jobid: 387490
My array id: 362
My array id: 226
My jobid: 387590
My jobid: 387570
My array id: 278
My array id: 240
My jobid: 387633
========= Job started  at Tue Sep 30 14:24:53 CEST 2025 ==========
My array id: 305
My jobid: 387433
My jobid: 387395
My jobid: 387713
My jobid: 387671
My jobid: 387509
My array id: 366
My array id: 227
My jobid: 387587
My jobid: 387574
My jobid: 387609
My jobid: 387636
========= Job started  at Tue Sep 30 14:24:53 CEST 2025 ==========
My jobid: 387618
My jobid: 387431
My jobid: 387384
My jobid: 387710
My array id: 329
My jobid: 387512
My array id: 357
My array id: 225
My array id: 256
My jobid: 387576
My jobid: 387607
My jobid: 387637
My array id: 131
My jobid: 387616
========= Job started  at Tue Sep 30 14:24:53 CEST 2025 ==========
========= Job started  at Tue Sep 30 14:24:52 CEST 2025 ==========
My jobid: 387714
My jobid: 387669
========= Job started  at Tue Sep 30 14:24:52 CEST 2025 ==========
My array id: 370
My jobid: 387594
My jobid: 387575
My array id: 280
My jobid: 387634
========= Job started  at Tue Sep 30 14:24:53 CEST 2025 ==========
My jobid: 387619
========= Job started  at Tue Sep 30 14:24:53 CEST 2025 ==========
========= Job started  at Tue Sep 30 14:24:52 CEST 2025 ==========
My array id: 376
========= Job started  at Tue Sep 30 14:24:53 CEST 2025 ==========
========= Job started  at Tue Sep 30 14:24:52 CEST 2025 ==========
My array id: 367
My jobid: 387591
My jobid: 387579
My array id: 279
My jobid: 387632
My array id: 129
My jobid: 387617
========= Job started  at Tue Sep 30 14:24:53 CEST 2025 ==========
My jobid: 387390
My jobid: 387709
========= Job started  at Tue Sep 30 14:24:53 CEST 2025 ==========
My jobid: 387492
My array id: 365
My jobid: 387589
My array id: 242
My array id: 277
My array id: 310
========= Job started  at Tue Sep 30 14:24:53 CEST 2025 ==========
My jobid: 387621
My array id: 85
My jobid: 387397
My jobid: 387711
My jobid: 387672
========= Job started  at Tue Sep 30 14:24:53 CEST 2025 ==========
My array id: 369
My jobid: 387595
My array id: 248
My array id: 281
My array id: 308
========= Job started  at Tue Sep 30 14:24:53 CEST 2025 ==========
My array id: 293
========= Job started  at Tue Sep 30 14:24:53 CEST 2025 ==========
========= Job started  at Tue Sep 30 14:24:52 CEST 2025 ==========
My array id: 373
========= Job started  at Tue Sep 30 14:24:53 CEST 2025 ==========
My jobid: 387491
My array id: 360
My array id: 258
My jobid: 387577
My array id: 276
My array id: 311
My array id: 133
My array id: 291
========= Job started  at Tue Sep 30 14:24:53 CEST 2025 ==========
My jobid: 387399
My array id: 382
========= Job started  at Tue Sep 30 14:24:53 CEST 2025 ==========
========= Job started  at Tue Sep 30 14:24:53 CEST 2025 ==========
My array id: 368
My array id: 263
My array id: 247
My array id: 274
My array id: 312
========= Job started  at Tue Sep 30 14:24:53 CEST 2025 ==========
My array id: 294
========= Job started  at Tue Sep 30 14:24:53 CEST 2025 ==========
My jobid: 387387
My array id: 381
========= Job started  at Tue Sep 30 14:24:53 CEST 2025 ==========
========= Job started  at Tue Sep 30 14:24:53 CEST 2025 ==========
My array id: 363
My array id: 261
My jobid: 387578
My array id: 283
My array id: 309
========= Job started  at Tue Sep 30 14:24:53 CEST 2025 ==========
My array id: 292
========= Job started  at Tue Sep 30 14:24:53 CEST 2025 ==========
My array id: 52
My array id: 387
My jobid: 387670
My jobid: 387513
My array id: 257
My array id: 246
My array id: 284
My array id: 307
========= Job started  at Tue Sep 30 14:24:53 CEST 2025 ==========
My array id: 296
========= Job started  at Tue Sep 30 14:24:53 CEST 2025 ==========
My jobid: 387394
My array id: 383
My array id: 335
========= Job started  at Tue Sep 30 14:24:53 CEST 2025 ==========
My array id: 260
My array id: 241
My array id: 282
My array id: 125
========= Job started  at Tue Sep 30 14:24:53 CEST 2025 ==========
My jobid: 387392
My array id: 379
My jobid: 387673
My jobid: 387519
My array id: 265
My array id: 244
========= Job started  at Tue Sep 30 14:24:53 CEST 2025 ==========
========= Job started  at Tue Sep 30 14:24:53 CEST 2025 ==========
My jobid: 387379
My array id: 378
My jobid: 387674
========= Job started  at Tue Sep 30 14:24:53 CEST 2025 ==========
My array id: 262
My array id: 245
My array id: 126
My array id: 91
My jobid: 387396
My array id: 390
My array id: 334
========= Job started  at Tue Sep 30 14:24:53 CEST 2025 ==========
My array id: 269
My array id: 249
My array id: 128
========= Job started  at Tue Sep 30 14:24:53 CEST 2025 ==========
My jobid: 387398
My array id: 375
My array id: 331
========= Job started  at Tue Sep 30 14:24:53 CEST 2025 ==========
My array id: 266
My array id: 251
My array id: 127
My array id: 89
My jobid: 387402
My array id: 388
My array id: 325
========= Job started  at Tue Sep 30 14:24:53 CEST 2025 ==========
My array id: 264
My array id: 250
My array id: 138
My jobid: 387420
My jobid: 387393
My array id: 385
My jobid: 387675
My jobid: 387517
My array id: 270
My array id: 254
My array id: 140
========= Job started  at Tue Sep 30 14:24:53 CEST 2025 ==========
My jobid: 387407
My array id: 389
My array id: 332
========= Job started  at Tue Sep 30 14:24:53 CEST 2025 ==========
My array id: 252
My array id: 132
========= Job started  at Tue Sep 30 14:24:53 CEST 2025 ==========
My jobid: 387405
My array id: 384
My jobid: 387676
========= Job started  at Tue Sep 30 14:24:53 CEST 2025 ==========
My array id: 253
My array id: 135
========= Job started  at Tue Sep 30 14:24:53 CEST 2025 ==========
My jobid: 387404
My array id: 386
My array id: 338
========= Job started  at Tue Sep 30 14:24:53 CEST 2025 ==========
My array id: 139
========= Job started  at Tue Sep 30 14:24:53 CEST 2025 ==========
My jobid: 387400
My array id: 336
My jobid: 387508
My jobid: 387469
========= Job started  at Tue Sep 30 14:24:53 CEST 2025 ==========
My jobid: 387401
My array id: 341
My jobid: 387518
My array id: 134
My array id: 94
My array id: 60
My array id: 342
My jobid: 387520
My array id: 137
My array id: 90
My array id: 61
My array id: 340
My jobid: 387516
My jobid: 387466
My array id: 93
My array id: 57
My array id: 343
My jobid: 387507
My jobid: 387467
My array id: 92
My array id: 66
My array id: 339
My jobid: 387515
My array id: 130
My array id: 96
My array id: 64
My array id: 346
My array id: 160
My jobid: 387473
My array id: 98
My array id: 63
My array id: 344
My jobid: 387514
My jobid: 387470
My array id: 87
My array id: 58
My jobid: 387655
My array id: 157
My jobid: 387468
My array id: 97
My array id: 55
My jobid: 387651
My array id: 162
My array id: 136
My jobid: 387434
My array id: 56
My array id: 347
My array id: 164
My jobid: 387471
My array id: 99
My array id: 53
My jobid: 387653
My array id: 159
My jobid: 387472
My array id: 104
My array id: 70
My jobid: 387649
My array id: 161
My jobid: 387474
My jobid: 387437
My array id: 59
My jobid: 387652
My array id: 186
My jobid: 387477
My jobid: 387436
My jobid: 387406
My array id: 345
My jobid: 387475
My array id: 100
My jobid: 387403
My array id: 163
My array id: 348
My jobid: 387479
My array id: 105
My array id: 65
My jobid: 387494
My array id: 349
My jobid: 387480
My jobid: 387435
My array id: 72
My jobid: 387496
My array id: 350
My jobid: 387478
My array id: 107
My jobid: 387408
My array id: 165
My array id: 351
My jobid: 387476
My array id: 101
My array id: 74
My array id: 184
My array id: 330
My array id: 144
My array id: 108
My array id: 62
My array id: 187
My array id: 326
My array id: 141
My array id: 106
My array id: 69
My jobid: 387495
My array id: 328
My array id: 142
My jobid: 387439
My array id: 67
My jobid: 387497
My array id: 324
My array id: 148
My jobid: 387438
My array id: 54
My array id: 167
My array id: 327
My array id: 145
My jobid: 387440
My array id: 71
My jobid: 387493
My array id: 143
My jobid: 387445
My array id: 73
My array id: 166
My array id: 146
My jobid: 387443
My array id: 77
My jobid: 387499
My array id: 147
My jobid: 387444
My array id: 68
My jobid: 387500
My array id: 149
My jobid: 387441
My array id: 82
My array id: 188
My array id: 152
My jobid: 387448
My array id: 80
My jobid: 387498
My array id: 150
My jobid: 387442
My array id: 79
My array id: 194
My array id: 154
My jobid: 387446
My array id: 75
My jobid: 387501
My array id: 155
My jobid: 387447
My array id: 76
My jobid: 387502
My array id: 153
My array id: 95
My array id: 81
My jobid: 387503
My array id: 151
My jobid: 387427
My array id: 78
My jobid: 387505
My jobid: 387428
My array id: 83
My array id: 192
My jobid: 387413
My jobid: 387504
My jobid: 387409
My jobid: 387510
My jobid: 387411
My jobid: 387506
My array id: 109
My array id: 183
My array id: 112
My array id: 193
My array id: 111
My array id: 195
My array id: 110
My array id: 191
My array id: 114
My array id: 182
My array id: 113
My array id: 190
My array id: 115
My array id: 189
My array id: 120
My array id: 169
My array id: 118
My array id: 171
My array id: 119
My array id: 170
My array id: 116
My array id: 172
My array id: 123
My array id: 168
My array id: 117
My array id: 174
My array id: 121
My array id: 175
My array id: 122
My array id: 173
My array id: 102
My array id: 176
My array id: 103
My array id: 177
My array id: 88
My array id: 178
My array id: 84
My array id: 180
My array id: 86
My array id: 179
My array id: 185
My array id: 181
========= Job Finished  at Tue Sep 30 16:01:42 CEST 2025 ==========
========= Job Finished  at Tue Sep 30 16:03:08 CEST 2025 ==========
========= Job Finished  at Tue Sep 30 16:05:45 CEST 2025 ==========
========= Job Finished  at Tue Sep 30 17:20:45 CEST 2025 ==========
========= Job Finished  at Tue Sep 30 17:23:15 CEST 2025 ==========
========= Job Finished  at Tue Sep 30 17:26:29 CEST 2025 ==========
========= Job Finished  at Tue Sep 30 17:40:38 CEST 2025 ==========
========= Job Finished  at Tue Sep 30 17:41:46 CEST 2025 ==========
========= Job Finished  at Tue Sep 30 18:00:50 CEST 2025 ==========
========= Job Finished  at Tue Sep 30 18:01:14 CEST 2025 ==========
========= Job Finished  at Tue Sep 30 18:01:21 CEST 2025 ==========
========= Job Finished  at Tue Sep 30 18:01:21 CEST 2025 ==========
========= Job Finished  at Tue Sep 30 18:01:24 CEST 2025 ==========
========= Job Finished  at Tue Sep 30 18:01:29 CEST 2025 ==========
========= Job Finished  at Tue Sep 30 18:01:33 CEST 2025 ==========
========= Job Finished  at Tue Sep 30 18:01:39 CEST 2025 ==========
========= Job Finished  at Tue Sep 30 18:01:43 CEST 2025 ==========
========= Job Finished  at Tue Sep 30 18:01:48 CEST 2025 ==========
========= Job Finished  at Tue Sep 30 18:01:49 CEST 2025 ==========
========= Job Finished  at Tue Sep 30 18:02:03 CEST 2025 ==========
========= Job Finished  at Tue Sep 30 18:02:04 CEST 2025 ==========
========= Job Finished  at Tue Sep 30 18:02:06 CEST 2025 ==========
========= Job Finished  at Tue Sep 30 18:02:12 CEST 2025 ==========
========= Job Finished  at Tue Sep 30 18:02:13 CEST 2025 ==========
========= Job Finished  at Tue Sep 30 18:02:13 CEST 2025 ==========
========= Job Finished  at Tue Sep 30 18:02:16 CEST 2025 ==========
========= Job Finished  at Tue Sep 30 18:02:23 CEST 2025 ==========
========= Job Finished  at Tue Sep 30 18:02:24 CEST 2025 ==========
========= Job Finished  at Tue Sep 30 18:02:28 CEST 2025 ==========
========= Job Finished  at Tue Sep 30 18:02:30 CEST 2025 ==========
========= Job Finished  at Tue Sep 30 18:02:31 CEST 2025 ==========
========= Job Finished  at Tue Sep 30 18:02:32 CEST 2025 ==========
========= Job Finished  at Tue Sep 30 18:02:33 CEST 2025 ==========
========= Job Finished  at Tue Sep 30 18:02:34 CEST 2025 ==========
========= Job Finished  at Tue Sep 30 18:02:39 CEST 2025 ==========
========= Job Finished  at Tue Sep 30 18:02:40 CEST 2025 ==========
========= Job Finished  at Tue Sep 30 18:02:42 CEST 2025 ==========
========= Job Finished  at Tue Sep 30 18:02:45 CEST 2025 ==========
========= Job Finished  at Tue Sep 30 18:02:45 CEST 2025 ==========
========= Job Finished  at Tue Sep 30 18:02:47 CEST 2025 ==========
========= Job Finished  at Tue Sep 30 18:02:53 CEST 2025 ==========
========= Job Finished  at Tue Sep 30 18:02:53 CEST 2025 ==========
========= Job Finished  at Tue Sep 30 18:02:54 CEST 2025 ==========
========= Job Finished  at Tue Sep 30 18:02:59 CEST 2025 ==========
========= Job Finished  at Tue Sep 30 18:03:00 CEST 2025 ==========
========= Job Finished  at Tue Sep 30 18:03:00 CEST 2025 ==========
========= Job Finished  at Tue Sep 30 18:03:04 CEST 2025 ==========
========= Job Finished  at Tue Sep 30 18:03:04 CEST 2025 ==========
========= Job Finished  at Tue Sep 30 18:03:06 CEST 2025 ==========
========= Job Finished  at Tue Sep 30 18:03:08 CEST 2025 ==========
========= Job Finished  at Tue Sep 30 18:03:08 CEST 2025 ==========
========= Job Finished  at Tue Sep 30 18:03:08 CEST 2025 ==========
========= Job Finished  at Tue Sep 30 18:03:12 CEST 2025 ==========
========= Job Finished  at Tue Sep 30 18:03:13 CEST 2025 ==========
========= Job Finished  at Tue Sep 30 18:03:14 CEST 2025 ==========
========= Job Finished  at Tue Sep 30 18:03:17 CEST 2025 ==========
========= Job Finished  at Tue Sep 30 18:03:18 CEST 2025 ==========
========= Job Finished  at Tue Sep 30 18:03:18 CEST 2025 ==========
========= Job Finished  at Tue Sep 30 18:03:19 CEST 2025 ==========
========= Job Finished  at Tue Sep 30 18:03:21 CEST 2025 ==========
========= Job Finished  at Tue Sep 30 18:03:21 CEST 2025 ==========
========= Job Finished  at Tue Sep 30 18:03:21 CEST 2025 ==========
========= Job Finished  at Tue Sep 30 18:03:22 CEST 2025 ==========
========= Job Finished  at Tue Sep 30 18:03:22 CEST 2025 ==========
========= Job Finished  at Tue Sep 30 18:03:23 CEST 2025 ==========
========= Job Finished  at Tue Sep 30 18:03:24 CEST 2025 ==========
========= Job Finished  at Tue Sep 30 18:03:24 CEST 2025 ==========
========= Job Finished  at Tue Sep 30 18:03:24 CEST 2025 ==========
========= Job Finished  at Tue Sep 30 18:03:27 CEST 2025 ==========
========= Job Finished  at Tue Sep 30 18:03:28 CEST 2025 ==========
========= Job Finished  at Tue Sep 30 18:03:29 CEST 2025 ==========
========= Job Finished  at Tue Sep 30 18:03:31 CEST 2025 ==========
========= Job Finished  at Tue Sep 30 18:03:31 CEST 2025 ==========
========= Job Finished  at Tue Sep 30 18:03:32 CEST 2025 ==========
========= Job Finished  at Tue Sep 30 18:03:33 CEST 2025 ==========
========= Job Finished  at Tue Sep 30 18:03:34 CEST 2025 ==========
========= Job Finished  at Tue Sep 30 18:03:37 CEST 2025 ==========
========= Job Finished  at Tue Sep 30 18:03:40 CEST 2025 ==========
========= Job Finished  at Tue Sep 30 18:03:42 CEST 2025 ==========
========= Job Finished  at Tue Sep 30 18:03:42 CEST 2025 ==========
========= Job Finished  at Tue Sep 30 18:03:42 CEST 2025 ==========
========= Job Finished  at Tue Sep 30 18:03:42 CEST 2025 ==========
========= Job Finished  at Tue Sep 30 18:03:44 CEST 2025 ==========
========= Job Finished  at Tue Sep 30 18:03:46 CEST 2025 ==========
========= Job Finished  at Tue Sep 30 18:03:47 CEST 2025 ==========
========= Job Finished  at Tue Sep 30 18:03:47 CEST 2025 ==========
========= Job Finished  at Tue Sep 30 18:03:47 CEST 2025 ==========
========= Job Finished  at Tue Sep 30 18:03:47 CEST 2025 ==========
========= Job Finished  at Tue Sep 30 18:03:48 CEST 2025 ==========
========= Job Finished  at Tue Sep 30 18:03:48 CEST 2025 ==========
========= Job Finished  at Tue Sep 30 18:03:48 CEST 2025 ==========
========= Job Finished  at Tue Sep 30 18:03:50 CEST 2025 ==========
========= Job Finished  at Tue Sep 30 18:03:50 CEST 2025 ==========
========= Job Finished  at Tue Sep 30 18:03:51 CEST 2025 ==========
========= Job Finished  at Tue Sep 30 18:03:52 CEST 2025 ==========
========= Job Finished  at Tue Sep 30 18:03:53 CEST 2025 ==========
========= Job Finished  at Tue Sep 30 18:03:54 CEST 2025 ==========
========= Job Finished  at Tue Sep 30 18:03:57 CEST 2025 ==========
========= Job Finished  at Tue Sep 30 18:03:57 CEST 2025 ==========
========= Job Finished  at Tue Sep 30 18:03:57 CEST 2025 ==========
========= Job Finished  at Tue Sep 30 18:04:01 CEST 2025 ==========
========= Job Finished  at Tue Sep 30 18:04:08 CEST 2025 ==========
========= Job Finished  at Tue Sep 30 18:04:08 CEST 2025 ==========
========= Job Finished  at Tue Sep 30 18:04:10 CEST 2025 ==========
========= Job Finished  at Tue Sep 30 18:04:10 CEST 2025 ==========
========= Job Finished  at Tue Sep 30 18:04:11 CEST 2025 ==========
========= Job Finished  at Tue Sep 30 18:04:12 CEST 2025 ==========
========= Job Finished  at Tue Sep 30 18:04:13 CEST 2025 ==========
========= Job Finished  at Tue Sep 30 18:04:14 CEST 2025 ==========
========= Job Finished  at Tue Sep 30 18:04:15 CEST 2025 ==========
========= Job Finished  at Tue Sep 30 18:04:15 CEST 2025 ==========
========= Job Finished  at Tue Sep 30 18:04:15 CEST 2025 ==========
========= Job Finished  at Tue Sep 30 18:04:16 CEST 2025 ==========
========= Job Finished  at Tue Sep 30 18:04:20 CEST 2025 ==========
========= Job Finished  at Tue Sep 30 18:04:20 CEST 2025 ==========
========= Job Finished  at Tue Sep 30 18:04:24 CEST 2025 ==========
========= Job Finished  at Tue Sep 30 18:04:27 CEST 2025 ==========
========= Job Finished  at Tue Sep 30 18:04:27 CEST 2025 ==========
========= Job Finished  at Tue Sep 30 18:04:29 CEST 2025 ==========
========= Job Finished  at Tue Sep 30 18:04:29 CEST 2025 ==========
========= Job Finished  at Tue Sep 30 18:04:30 CEST 2025 ==========
========= Job Finished  at Tue Sep 30 18:04:31 CEST 2025 ==========
========= Job Finished  at Tue Sep 30 18:04:32 CEST 2025 ==========
========= Job Finished  at Tue Sep 30 18:04:32 CEST 2025 ==========
========= Job Finished  at Tue Sep 30 18:04:33 CEST 2025 ==========
========= Job Finished  at Tue Sep 30 18:04:33 CEST 2025 ==========
========= Job Finished  at Tue Sep 30 18:04:34 CEST 2025 ==========
========= Job Finished  at Tue Sep 30 18:04:34 CEST 2025 ==========
========= Job Finished  at Tue Sep 30 18:04:34 CEST 2025 ==========
========= Job Finished  at Tue Sep 30 18:04:35 CEST 2025 ==========
========= Job Finished  at Tue Sep 30 18:04:35 CEST 2025 ==========
========= Job Finished  at Tue Sep 30 18:04:35 CEST 2025 ==========
========= Job Finished  at Tue Sep 30 18:04:37 CEST 2025 ==========
========= Job Finished  at Tue Sep 30 18:04:39 CEST 2025 ==========
========= Job Finished  at Tue Sep 30 18:04:40 CEST 2025 ==========
========= Job Finished  at Tue Sep 30 18:04:41 CEST 2025 ==========
========= Job Finished  at Tue Sep 30 18:04:41 CEST 2025 ==========
========= Job Finished  at Tue Sep 30 18:04:44 CEST 2025 ==========
========= Job Finished  at Tue Sep 30 18:04:45 CEST 2025 ==========
========= Job Finished  at Tue Sep 30 18:04:46 CEST 2025 ==========
========= Job Finished  at Tue Sep 30 18:04:50 CEST 2025 ==========
========= Job Finished  at Tue Sep 30 18:04:50 CEST 2025 ==========
========= Job Finished  at Tue Sep 30 18:04:51 CEST 2025 ==========
========= Job Finished  at Tue Sep 30 18:04:53 CEST 2025 ==========
========= Job Finished  at Tue Sep 30 18:04:54 CEST 2025 ==========
========= Job Finished  at Tue Sep 30 18:04:57 CEST 2025 ==========
========= Job Finished  at Tue Sep 30 18:04:57 CEST 2025 ==========
========= Job Finished  at Tue Sep 30 18:04:57 CEST 2025 ==========
========= Job Finished  at Tue Sep 30 18:04:57 CEST 2025 ==========
========= Job Finished  at Tue Sep 30 18:04:58 CEST 2025 ==========
========= Job Finished  at Tue Sep 30 18:04:59 CEST 2025 ==========
========= Job Finished  at Tue Sep 30 18:05:00 CEST 2025 ==========
========= Job Finished  at Tue Sep 30 18:05:01 CEST 2025 ==========
========= Job Finished  at Tue Sep 30 18:05:02 CEST 2025 ==========
========= Job Finished  at Tue Sep 30 18:05:02 CEST 2025 ==========
========= Job Finished  at Tue Sep 30 18:05:03 CEST 2025 ==========
========= Job Finished  at Tue Sep 30 18:05:04 CEST 2025 ==========
========= Job Finished  at Tue Sep 30 18:05:04 CEST 2025 ==========
========= Job Finished  at Tue Sep 30 18:05:04 CEST 2025 ==========
========= Job Finished  at Tue Sep 30 18:05:08 CEST 2025 ==========
========= Job Finished  at Tue Sep 30 18:05:08 CEST 2025 ==========
========= Job Finished  at Tue Sep 30 18:05:10 CEST 2025 ==========
========= Job Finished  at Tue Sep 30 18:05:12 CEST 2025 ==========
========= Job Finished  at Tue Sep 30 18:05:13 CEST 2025 ==========
========= Job Finished  at Tue Sep 30 18:05:14 CEST 2025 ==========
========= Job Finished  at Tue Sep 30 18:05:15 CEST 2025 ==========
========= Job Finished  at Tue Sep 30 18:05:17 CEST 2025 ==========
========= Job Finished  at Tue Sep 30 18:05:19 CEST 2025 ==========
========= Job Finished  at Tue Sep 30 18:05:19 CEST 2025 ==========
========= Job Finished  at Tue Sep 30 18:05:23 CEST 2025 ==========
========= Job Finished  at Tue Sep 30 18:05:23 CEST 2025 ==========
========= Job Finished  at Tue Sep 30 18:05:24 CEST 2025 ==========
========= Job Finished  at Tue Sep 30 18:05:25 CEST 2025 ==========
========= Job Finished  at Tue Sep 30 18:05:26 CEST 2025 ==========
========= Job Finished  at Tue Sep 30 18:05:27 CEST 2025 ==========
========= Job Finished  at Tue Sep 30 18:05:28 CEST 2025 ==========
========= Job Finished  at Tue Sep 30 18:05:28 CEST 2025 ==========
========= Job Finished  at Tue Sep 30 18:05:29 CEST 2025 ==========
========= Job Finished  at Tue Sep 30 18:05:30 CEST 2025 ==========
========= Job Finished  at Tue Sep 30 18:05:35 CEST 2025 ==========
========= Job Finished  at Tue Sep 30 18:05:35 CEST 2025 ==========
========= Job Finished  at Tue Sep 30 18:05:35 CEST 2025 ==========
========= Job Finished  at Tue Sep 30 18:05:35 CEST 2025 ==========
========= Job Finished  at Tue Sep 30 18:05:36 CEST 2025 ==========
========= Job Finished  at Tue Sep 30 18:05:36 CEST 2025 ==========
========= Job Finished  at Tue Sep 30 18:05:38 CEST 2025 ==========
========= Job Finished  at Tue Sep 30 18:05:38 CEST 2025 ==========
========= Job Finished  at Tue Sep 30 18:05:39 CEST 2025 ==========
========= Job Finished  at Tue Sep 30 18:05:40 CEST 2025 ==========
========= Job Finished  at Tue Sep 30 18:05:40 CEST 2025 ==========
========= Job Finished  at Tue Sep 30 18:05:42 CEST 2025 ==========
========= Job Finished  at Tue Sep 30 18:05:44 CEST 2025 ==========
========= Job Finished  at Tue Sep 30 18:05:45 CEST 2025 ==========
========= Job Finished  at Tue Sep 30 18:05:46 CEST 2025 ==========
========= Job Finished  at Tue Sep 30 18:05:47 CEST 2025 ==========
========= Job Finished  at Tue Sep 30 18:05:48 CEST 2025 ==========
========= Job Finished  at Tue Sep 30 18:05:49 CEST 2025 ==========
========= Job Finished  at Tue Sep 30 18:05:50 CEST 2025 ==========
========= Job Finished  at Tue Sep 30 18:05:51 CEST 2025 ==========
========= Job Finished  at Tue Sep 30 18:05:54 CEST 2025 ==========
========= Job Finished  at Tue Sep 30 18:05:54 CEST 2025 ==========
========= Job Finished  at Tue Sep 30 18:05:54 CEST 2025 ==========
========= Job Finished  at Tue Sep 30 18:05:55 CEST 2025 ==========
========= Job Finished  at Tue Sep 30 18:05:56 CEST 2025 ==========
========= Job Finished  at Tue Sep 30 18:05:56 CEST 2025 ==========
========= Job Finished  at Tue Sep 30 18:05:58 CEST 2025 ==========
========= Job Finished  at Tue Sep 30 18:05:58 CEST 2025 ==========
========= Job Finished  at Tue Sep 30 18:05:58 CEST 2025 ==========
========= Job Finished  at Tue Sep 30 18:06:02 CEST 2025 ==========
========= Job Finished  at Tue Sep 30 18:06:03 CEST 2025 ==========
========= Job Finished  at Tue Sep 30 18:06:03 CEST 2025 ==========
========= Job Finished  at Tue Sep 30 18:06:06 CEST 2025 ==========
========= Job Finished  at Tue Sep 30 18:06:07 CEST 2025 ==========
========= Job Finished  at Tue Sep 30 18:06:10 CEST 2025 ==========
========= Job Finished  at Tue Sep 30 18:06:11 CEST 2025 ==========
========= Job Finished  at Tue Sep 30 18:06:11 CEST 2025 ==========
========= Job Finished  at Tue Sep 30 18:06:12 CEST 2025 ==========
========= Job Finished  at Tue Sep 30 18:06:13 CEST 2025 ==========
========= Job Finished  at Tue Sep 30 18:06:15 CEST 2025 ==========
========= Job Finished  at Tue Sep 30 18:06:19 CEST 2025 ==========
========= Job Finished  at Tue Sep 30 18:06:20 CEST 2025 ==========
========= Job Finished  at Tue Sep 30 18:06:20 CEST 2025 ==========
========= Job Finished  at Tue Sep 30 18:06:22 CEST 2025 ==========
========= Job Finished  at Tue Sep 30 18:06:22 CEST 2025 ==========
========= Job Finished  at Tue Sep 30 18:06:25 CEST 2025 ==========
========= Job Finished  at Tue Sep 30 18:06:26 CEST 2025 ==========
========= Job Finished  at Tue Sep 30 18:06:27 CEST 2025 ==========
========= Job Finished  at Tue Sep 30 18:06:28 CEST 2025 ==========
========= Job Finished  at Tue Sep 30 18:06:29 CEST 2025 ==========
========= Job Finished  at Tue Sep 30 18:06:29 CEST 2025 ==========
========= Job Finished  at Tue Sep 30 18:06:30 CEST 2025 ==========
========= Job Finished  at Tue Sep 30 18:06:30 CEST 2025 ==========
========= Job Finished  at Tue Sep 30 18:06:32 CEST 2025 ==========
========= Job Finished  at Tue Sep 30 18:06:33 CEST 2025 ==========
========= Job Finished  at Tue Sep 30 18:06:34 CEST 2025 ==========
========= Job Finished  at Tue Sep 30 18:06:35 CEST 2025 ==========
========= Job Finished  at Tue Sep 30 18:06:35 CEST 2025 ==========
========= Job Finished  at Tue Sep 30 18:06:35 CEST 2025 ==========
========= Job Finished  at Tue Sep 30 18:06:35 CEST 2025 ==========
========= Job Finished  at Tue Sep 30 18:06:36 CEST 2025 ==========
========= Job Finished  at Tue Sep 30 18:06:36 CEST 2025 ==========
========= Job Finished  at Tue Sep 30 18:06:37 CEST 2025 ==========
========= Job Finished  at Tue Sep 30 18:06:38 CEST 2025 ==========
========= Job Finished  at Tue Sep 30 18:06:39 CEST 2025 ==========
========= Job Finished  at Tue Sep 30 18:06:39 CEST 2025 ==========
========= Job Finished  at Tue Sep 30 18:06:40 CEST 2025 ==========
========= Job Finished  at Tue Sep 30 18:06:41 CEST 2025 ==========
========= Job Finished  at Tue Sep 30 18:06:41 CEST 2025 ==========
========= Job Finished  at Tue Sep 30 18:06:41 CEST 2025 ==========
========= Job Finished  at Tue Sep 30 18:06:43 CEST 2025 ==========
========= Job Finished  at Tue Sep 30 18:06:45 CEST 2025 ==========
========= Job Finished  at Tue Sep 30 18:06:47 CEST 2025 ==========
========= Job Finished  at Tue Sep 30 18:06:52 CEST 2025 ==========
========= Job Finished  at Tue Sep 30 18:06:52 CEST 2025 ==========
========= Job Finished  at Tue Sep 30 18:06:53 CEST 2025 ==========
========= Job Finished  at Tue Sep 30 18:06:54 CEST 2025 ==========
========= Job Finished  at Tue Sep 30 18:06:56 CEST 2025 ==========
========= Job Finished  at Tue Sep 30 18:06:56 CEST 2025 ==========
========= Job Finished  at Tue Sep 30 18:06:56 CEST 2025 ==========
========= Job Finished  at Tue Sep 30 18:06:59 CEST 2025 ==========
========= Job Finished  at Tue Sep 30 18:06:59 CEST 2025 ==========
========= Job Finished  at Tue Sep 30 18:07:01 CEST 2025 ==========
========= Job Finished  at Tue Sep 30 18:07:02 CEST 2025 ==========
========= Job Finished  at Tue Sep 30 18:07:02 CEST 2025 ==========
========= Job Finished  at Tue Sep 30 18:07:03 CEST 2025 ==========
========= Job Finished  at Tue Sep 30 18:07:05 CEST 2025 ==========
========= Job Finished  at Tue Sep 30 18:07:05 CEST 2025 ==========
========= Job Finished  at Tue Sep 30 18:07:06 CEST 2025 ==========
========= Job Finished  at Tue Sep 30 18:07:12 CEST 2025 ==========
========= Job Finished  at Tue Sep 30 18:07:12 CEST 2025 ==========
========= Job Finished  at Tue Sep 30 18:07:14 CEST 2025 ==========
========= Job Finished  at Tue Sep 30 18:07:14 CEST 2025 ==========
========= Job Finished  at Tue Sep 30 18:07:15 CEST 2025 ==========
========= Job Finished  at Tue Sep 30 18:07:17 CEST 2025 ==========
========= Job Finished  at Tue Sep 30 18:07:17 CEST 2025 ==========
========= Job Finished  at Tue Sep 30 18:07:18 CEST 2025 ==========
========= Job Finished  at Tue Sep 30 18:07:21 CEST 2025 ==========
========= Job Finished  at Tue Sep 30 18:07:23 CEST 2025 ==========
========= Job Finished  at Tue Sep 30 18:07:26 CEST 2025 ==========
========= Job Finished  at Tue Sep 30 18:07:28 CEST 2025 ==========
========= Job Finished  at Tue Sep 30 18:07:30 CEST 2025 ==========
========= Job Finished  at Tue Sep 30 18:07:30 CEST 2025 ==========
========= Job Finished  at Tue Sep 30 18:07:31 CEST 2025 ==========
========= Job Finished  at Tue Sep 30 18:07:33 CEST 2025 ==========
========= Job Finished  at Tue Sep 30 18:07:33 CEST 2025 ==========
========= Job Finished  at Tue Sep 30 18:07:35 CEST 2025 ==========
========= Job Finished  at Tue Sep 30 18:07:35 CEST 2025 ==========
========= Job Finished  at Tue Sep 30 18:07:35 CEST 2025 ==========
========= Job Finished  at Tue Sep 30 18:07:37 CEST 2025 ==========
========= Job Finished  at Tue Sep 30 18:07:37 CEST 2025 ==========
========= Job Finished  at Tue Sep 30 18:07:37 CEST 2025 ==========
========= Job Finished  at Tue Sep 30 18:07:38 CEST 2025 ==========
========= Job Finished  at Tue Sep 30 18:07:38 CEST 2025 ==========
========= Job Finished  at Tue Sep 30 18:07:38 CEST 2025 ==========
========= Job Finished  at Tue Sep 30 18:07:41 CEST 2025 ==========
========= Job Finished  at Tue Sep 30 18:07:41 CEST 2025 ==========
========= Job Finished  at Tue Sep 30 18:07:41 CEST 2025 ==========
========= Job Finished  at Tue Sep 30 18:07:43 CEST 2025 ==========
========= Job Finished  at Tue Sep 30 18:07:48 CEST 2025 ==========
========= Job Finished  at Tue Sep 30 18:07:48 CEST 2025 ==========
========= Job Finished  at Tue Sep 30 18:07:51 CEST 2025 ==========
========= Job Finished  at Tue Sep 30 18:07:52 CEST 2025 ==========
========= Job Finished  at Tue Sep 30 18:07:55 CEST 2025 ==========
========= Job Finished  at Tue Sep 30 18:07:55 CEST 2025 ==========
========= Job Finished  at Tue Sep 30 18:07:55 CEST 2025 ==========
========= Job Finished  at Tue Sep 30 18:07:56 CEST 2025 ==========
========= Job Finished  at Tue Sep 30 18:07:57 CEST 2025 ==========
========= Job Finished  at Tue Sep 30 18:07:57 CEST 2025 ==========
========= Job Finished  at Tue Sep 30 18:07:57 CEST 2025 ==========
========= Job Finished  at Tue Sep 30 18:07:59 CEST 2025 ==========
========= Job Finished  at Tue Sep 30 18:07:59 CEST 2025 ==========
========= Job Finished  at Tue Sep 30 18:08:00 CEST 2025 ==========
========= Job Finished  at Tue Sep 30 18:08:02 CEST 2025 ==========
========= Job Finished  at Tue Sep 30 18:08:03 CEST 2025 ==========
========= Job Finished  at Tue Sep 30 18:08:04 CEST 2025 ==========
========= Job Finished  at Tue Sep 30 18:08:05 CEST 2025 ==========
========= Job Finished  at Tue Sep 30 18:08:07 CEST 2025 ==========
========= Job Finished  at Tue Sep 30 18:08:09 CEST 2025 ==========
========= Job Finished  at Tue Sep 30 18:08:13 CEST 2025 ==========
========= Job Finished  at Tue Sep 30 18:08:22 CEST 2025 ==========
========= Job Finished  at Tue Sep 30 18:08:24 CEST 2025 ==========
========= Job Finished  at Tue Sep 30 18:08:31 CEST 2025 ==========
========= Job Finished  at Tue Sep 30 18:08:31 CEST 2025 ==========
========= Job Finished  at Tue Sep 30 18:08:34 CEST 2025 ==========
========= Job Finished  at Tue Sep 30 18:08:42 CEST 2025 ==========
========= Job Finished  at Tue Sep 30 18:08:48 CEST 2025 ==========
========= Job Finished  at Tue Sep 30 18:08:48 CEST 2025 ==========
========= Job Finished  at Tue Sep 30 18:08:49 CEST 2025 ==========
========= Job Finished  at Tue Sep 30 18:08:52 CEST 2025 ==========
========= Job Finished  at Tue Sep 30 18:08:53 CEST 2025 ==========
========= Job Finished  at Tue Sep 30 18:08:53 CEST 2025 ==========
========= Job Finished  at Tue Sep 30 18:08:57 CEST 2025 ==========
========= Job Finished  at Tue Sep 30 18:09:00 CEST 2025 ==========
========= Job Finished  at Tue Sep 30 18:09:07 CEST 2025 ==========
========= Job Finished  at Tue Sep 30 18:09:08 CEST 2025 ==========
========= Job Finished  at Tue Sep 30 18:09:13 CEST 2025 ==========
========= Job Finished  at Tue Sep 30 18:09:14 CEST 2025 ==========
========= Job Finished  at Tue Sep 30 18:09:15 CEST 2025 ==========
========= Job Finished  at Tue Sep 30 18:09:17 CEST 2025 ==========
========= Job Finished  at Tue Sep 30 18:09:18 CEST 2025 ==========
========= Job Finished  at Tue Sep 30 18:09:18 CEST 2025 ==========
========= Job Finished  at Tue Sep 30 18:09:22 CEST 2025 ==========
========= Job Finished  at Tue Sep 30 18:09:26 CEST 2025 ==========
========= Job Finished  at Tue Sep 30 18:09:26 CEST 2025 ==========
========= Job Finished  at Tue Sep 30 18:09:26 CEST 2025 ==========
========= Job Finished  at Tue Sep 30 18:09:27 CEST 2025 ==========
========= Job Finished  at Tue Sep 30 18:09:29 CEST 2025 ==========
========= Job Finished  at Tue Sep 30 18:09:30 CEST 2025 ==========
========= Job Finished  at Tue Sep 30 18:09:32 CEST 2025 ==========
========= Job Finished  at Tue Sep 30 18:09:54 CEST 2025 ==========
========= Job Finished  at Tue Sep 30 18:09:54 CEST 2025 ==========
========= Job Finished  at Tue Sep 30 18:10:10 CEST 2025 ==========
========= Job Finished  at Tue Sep 30 18:10:17 CEST 2025 ==========
========= Job Finished  at Tue Sep 30 18:10:18 CEST 2025 ==========
========= Job Finished  at Tue Sep 30 18:10:23 CEST 2025 ==========
========= Job Finished  at Tue Sep 30 18:10:31 CEST 2025 ==========
========= Job Finished  at Tue Sep 30 18:10:35 CEST 2025 ==========
========= Job Finished  at Tue Sep 30 18:10:36 CEST 2025 ==========
========= Job Finished  at Tue Sep 30 18:10:44 CEST 2025 ==========
========= Job Finished  at Tue Sep 30 18:10:48 CEST 2025 ==========
========= Job Finished  at Tue Sep 30 18:10:58 CEST 2025 ==========
========= Job Finished  at Tue Sep 30 18:11:00 CEST 2025 ==========
========= Job Finished  at Tue Sep 30 18:11:04 CEST 2025 ==========
========= Job Finished  at Tue Sep 30 18:11:19 CEST 2025 ==========
========= Job Finished  at Tue Sep 30 18:11:24 CEST 2025 ==========
========= Job Finished  at Tue Sep 30 18:11:25 CEST 2025 ==========
========= Job Finished  at Tue Sep 30 18:11:35 CEST 2025 ==========
========= Job Finished  at Tue Sep 30 18:11:49 CEST 2025 ==========
========= Job Finished  at Tue Sep 30 18:11:51 CEST 2025 ==========
========= Job Finished  at Tue Sep 30 18:11:55 CEST 2025 ==========
========= Job Finished  at Tue Sep 30 18:12:01 CEST 2025 ==========
========= Job Finished  at Tue Sep 30 18:12:03 CEST 2025 ==========
========= Job Finished  at Tue Sep 30 18:12:15 CEST 2025 ==========
========= Job Finished  at Tue Sep 30 18:12:40 CEST 2025 ==========
========= Job Finished  at Tue Sep 30 18:13:11 CEST 2025 ==========
========= Job Finished  at Tue Sep 30 18:13:28 CEST 2025 ==========
========= Job Finished  at Tue Sep 30 18:13:32 CEST 2025 ==========
========= Job Finished  at Tue Sep 30 18:13:41 CEST 2025 ==========
========= Job Finished  at Tue Sep 30 18:14:15 CEST 2025 ==========
========= Job Finished  at Tue Sep 30 18:14:27 CEST 2025 ==========
========= Job Finished  at Tue Sep 30 18:14:39 CEST 2025 ==========
========= Job Finished  at Tue Sep 30 18:15:34 CEST 2025 ==========
========= Job Finished  at Tue Sep 30 18:15:52 CEST 2025 ==========
========= Job Finished  at Tue Sep 30 18:16:08 CEST 2025 ==========
========= Job Finished  at Tue Sep 30 18:16:11 CEST 2025 ==========
========= Job Finished  at Tue Sep 30 18:17:09 CEST 2025 ==========
========= Job Finished  at Tue Sep 30 18:17:09 CEST 2025 ==========
========= Job Finished  at Tue Sep 30 18:19:49 CEST 2025 ==========
========= Job Finished  at Tue Sep 30 18:20:31 CEST 2025 ==========
========= Job Finished  at Tue Sep 30 18:20:35 CEST 2025 ==========
========= Job Finished  at Tue Sep 30 18:20:48 CEST 2025 ==========
========= Job Finished  at Tue Sep 30 18:21:02 CEST 2025 ==========
========= Job Finished  at Tue Sep 30 18:21:18 CEST 2025 ==========
========= Job Finished  at Tue Sep 30 18:21:26 CEST 2025 ==========
========= Job Finished  at Tue Sep 30 18:22:16 CEST 2025 ==========
========= Job Finished  at Tue Sep 30 18:22:21 CEST 2025 ==========
========= Job Finished  at Tue Sep 30 18:22:59 CEST 2025 ==========
========= Job Finished  at Tue Sep 30 18:24:14 CEST 2025 ==========
========= Job Finished  at Tue Sep 30 18:24:29 CEST 2025 ==========
========= Job Finished  at Tue Sep 30 18:30:01 CEST 2025 ==========
